This file contains any messages produced by compilers while
running configure, to aid debugging if configure makes a mistake.

It was created by libftdi configure 0.19, which was
generated by GNU Autoconf 2.66.  Invocation command line was

  $ ./configure --enable-python-binding

## --------- ##
## Platform. ##
## --------- ##

hostname = c3po
uname -m = x86_64
uname -r = 3.0.0-1-amd64
uname -s = Linux
uname -v = #1 SMP Sun Jul 24 02:24:44 UTC 2011

/usr/bin/uname -p = unknown
/bin/uname -X     = unknown

/bin/arch              = unknown
/usr/bin/arch -k       = unknown
/usr/convex/getsysinfo = unknown
/usr/bin/hostinfo      = unknown
/bin/machine           = unknown
/usr/bin/oslevel       = unknown
/bin/universe          = unknown

PATH: /usr/local/bin
PATH: /usr/bin
PATH: /bin
PATH: /usr/local/games
PATH: /usr/games


## ----------- ##
## Core tests. ##
## ----------- ##

configure:2384: checking for a BSD-compatible install
configure:2452: result: /usr/bin/install -c
configure:2463: checking whether build environment is sane
configure:2513: result: yes
configure:2654: checking for a thread-safe mkdir -p
configure:2693: result: /bin/mkdir -p
configure:2706: checking for gawk
configure:2736: result: no
configure:2706: checking for mawk
configure:2722: found /usr/bin/mawk
configure:2733: result: mawk
configure:2744: checking whether make sets $(MAKE)
configure:2766: result: yes
configure:2903: checking for gcc
configure:2919: found /usr/bin/gcc
configure:2930: result: gcc
configure:3159: checking for C compiler version
configure:3168: gcc --version >&5
gcc (Debian 4.6.1-4) 4.6.1
Copyright (C) 2011 Free Software Foundation, Inc.
This is free software; see the source for copying conditions.  There is NO
warranty; not even for MERCHANTABILITY or FITNESS FOR A PARTICULAR PURPOSE.

configure:3179: $? = 0
configure:3168: gcc -v >&5
Using built-in specs.
COLLECT_GCC=gcc
COLLECT_LTO_WRAPPER=/usr/lib/x86_64-linux-gnu/gcc/x86_64-linux-gnu/4.6.1/lto-wrapper
Target: x86_64-linux-gnu
Configured with: ../src/configure -v --with-pkgversion='Debian 4.6.1-4' --with-bugurl=file:///usr/share/doc/gcc-4.6/README.Bugs --enable-languages=c,c++,fortran,objc,obj-c++,go --prefix=/usr --program-suffix=-4.6 --enable-shared --enable-multiarch --with-multiarch-defaults=x86_64-linux-gnu --enable-linker-build-id --with-system-zlib --libexecdir=/usr/lib/x86_64-linux-gnu --without-included-gettext --enable-threads=posix --with-gxx-include-dir=/usr/include/c++/4.6 --libdir=/usr/lib/x86_64-linux-gnu --enable-nls --enable-clocale=gnu --enable-libstdcxx-debug --enable-libstdcxx-time=yes --enable-plugin --enable-objc-gc --with-arch-32=i586 --with-tune=generic --enable-checking=release --build=x86_64-linux-gnu --host=x86_64-linux-gnu --target=x86_64-linux-gnu
Thread model: posix
gcc version 4.6.1 (Debian 4.6.1-4) 
configure:3179: $? = 0
configure:3168: gcc -V >&5
gcc: error: unrecognized option '-V'
gcc: fatal error: no input files
compilation terminated.
configure:3179: $? = 1
configure:3168: gcc -qversion >&5
gcc: error: unrecognized option '-qversion'
gcc: fatal error: no input files
compilation terminated.
configure:3179: $? = 1
configure:3199: checking whether the C compiler works
configure:3221: gcc    conftest.c  >&5
configure:3225: $? = 0
configure:3273: result: yes
configure:3276: checking for C compiler default output file name
configure:3278: result: a.out
configure:3284: checking for suffix of executables
configure:3291: gcc -o conftest    conftest.c  >&5
configure:3295: $? = 0
configure:3317: result: 
configure:3339: checking whether we are cross compiling
configure:3347: gcc -o conftest    conftest.c  >&5
configure:3351: $? = 0
configure:3358: ./conftest
configure:3362: $? = 0
configure:3377: result: no
configure:3382: checking for suffix of object files
configure:3404: gcc -c   conftest.c >&5
configure:3408: $? = 0
configure:3429: result: o
configure:3433: checking whether we are using the GNU C compiler
configure:3452: gcc -c   conftest.c >&5
configure:3452: $? = 0
configure:3461: result: yes
configure:3470: checking whether gcc accepts -g
configure:3490: gcc -c -g  conftest.c >&5
configure:3490: $? = 0
configure:3531: result: yes
configure:3548: checking for gcc option to accept ISO C89
configure:3612: gcc  -c -g -O2  conftest.c >&5
configure:3612: $? = 0
configure:3625: result: none needed
configure:3656: checking for style of include used by make
configure:3684: result: GNU
configure:3709: checking dependency style of gcc
configure:3819: result: gcc3
configure:3863: checking build system type
configure:3877: result: x86_64-unknown-linux-gnu
configure:3897: checking host system type
configure:3910: result: x86_64-unknown-linux-gnu
configure:3951: checking how to print strings
configure:3978: result: printf
configure:3999: checking for a sed that does not truncate output
configure:4063: result: /bin/sed
configure:4081: checking for grep that handles long lines and -e
configure:4139: result: /bin/grep
configure:4144: checking for egrep
configure:4206: result: /bin/grep -E
configure:4211: checking for fgrep
configure:4273: result: /bin/grep -F
configure:4308: checking for ld used by gcc
configure:4375: result: /usr/bin/ld
configure:4382: checking if the linker (/usr/bin/ld) is GNU ld
configure:4397: result: yes
configure:4409: checking for BSD- or MS-compatible name lister (nm)
configure:4458: result: /usr/bin/nm -B
configure:4588: checking the name lister (/usr/bin/nm -B) interface
configure:4595: gcc -c -g -O2  conftest.c >&5
configure:4598: /usr/bin/nm -B "conftest.o"
configure:4601: output
0000000000000000 B some_variable
configure:4608: result: BSD nm
configure:4611: checking whether ln -s works
configure:4615: result: yes
configure:4623: checking the maximum length of command line arguments
configure:4748: result: 1572864
configure:4765: checking whether the shell understands some XSI constructs
configure:4775: result: yes
configure:4779: checking whether the shell understands "+="
configure:4785: result: yes
configure:4820: checking for /usr/bin/ld option to reload object files
configure:4827: result: -r
configure:4896: checking for objdump
configure:4912: found /usr/bin/objdump
configure:4923: result: objdump
configure:4955: checking how to recognize dependent libraries
configure:5157: result: pass_all
configure:5217: checking for ar
configure:5233: found /usr/bin/ar
configure:5244: result: ar
configure:5322: checking for strip
configure:5338: found /usr/bin/strip
configure:5349: result: strip
configure:5421: checking for ranlib
configure:5437: found /usr/bin/ranlib
configure:5448: result: ranlib
configure:5550: checking command to parse /usr/bin/nm -B output from gcc object
configure:5668: gcc -c -g -O2  conftest.c >&5
configure:5671: $? = 0
configure:5675: /usr/bin/nm -B conftest.o \| sed -n -e 's/^.*[ ]\([ABCDGIRSTW][ABCDGIRSTW]*\)[ ][ ]*\([_A-Za-z][_A-Za-z0-9]*\)$/\1 \2 \2/p' \> conftest.nm
configure:5678: $? = 0
configure:5732: gcc -o conftest -g -O2   conftest.c conftstm.o >&5
configure:5735: $? = 0
configure:5773: result: ok
configure:5869: gcc -c -g -O2  conftest.c >&5
configure:5872: $? = 0
configure:6614: checking how to run the C preprocessor
configure:6645: gcc -E  conftest.c
configure:6645: $? = 0
configure:6659: gcc -E  conftest.c
conftest.c:11:28: fatal error: ac_nonexistent.h: No such file or directory
compilation terminated.
configure:6659: $? = 1
configure: failed program was:
| /* confdefs.h */
| #define PACKAGE_NAME "libftdi"
| #define PACKAGE_TARNAME "libftdi"
| #define PACKAGE_VERSION "0.19"
| #define PACKAGE_STRING "libftdi 0.19"
| #define PACKAGE_BUGREPORT ""
| #define PACKAGE_URL ""
| #define PACKAGE "libftdi"
| #define VERSION "0.19"
| /* end confdefs.h.  */
| #include <ac_nonexistent.h>
configure:6684: result: gcc -E
configure:6704: gcc -E  conftest.c
configure:6704: $? = 0
configure:6718: gcc -E  conftest.c
conftest.c:11:28: fatal error: ac_nonexistent.h: No such file or directory
compilation terminated.
configure:6718: $? = 1
configure: failed program was:
| /* confdefs.h */
| #define PACKAGE_NAME "libftdi"
| #define PACKAGE_TARNAME "libftdi"
| #define PACKAGE_VERSION "0.19"
| #define PACKAGE_STRING "libftdi 0.19"
| #define PACKAGE_BUGREPORT ""
| #define PACKAGE_URL ""
| #define PACKAGE "libftdi"
| #define VERSION "0.19"
| /* end confdefs.h.  */
| #include <ac_nonexistent.h>
configure:6747: checking for ANSI C header files
configure:6767: gcc -c -g -O2  conftest.c >&5
configure:6767: $? = 0
configure:6840: gcc -o conftest -g -O2   conftest.c  >&5
configure:6840: $? = 0
configure:6840: ./conftest
configure:6840: $? = 0
configure:6851: result: yes
configure:6864: checking for sys/types.h
configure:6864: gcc -c -g -O2  conftest.c >&5
configure:6864: $? = 0
configure:6864: result: yes
configure:6864: checking for sys/stat.h
configure:6864: gcc -c -g -O2  conftest.c >&5
configure:6864: $? = 0
configure:6864: result: yes
configure:6864: checking for stdlib.h
configure:6864: gcc -c -g -O2  conftest.c >&5
configure:6864: $? = 0
configure:6864: result: yes
configure:6864: checking for string.h
configure:6864: gcc -c -g -O2  conftest.c >&5
configure:6864: $? = 0
configure:6864: result: yes
configure:6864: checking for memory.h
configure:6864: gcc -c -g -O2  conftest.c >&5
configure:6864: $? = 0
configure:6864: result: yes
configure:6864: checking for strings.h
configure:6864: gcc -c -g -O2  conftest.c >&5
configure:6864: $? = 0
configure:6864: result: yes
configure:6864: checking for inttypes.h
configure:6864: gcc -c -g -O2  conftest.c >&5
configure:6864: $? = 0
configure:6864: result: yes
configure:6864: checking for stdint.h
configure:6864: gcc -c -g -O2  conftest.c >&5
configure:6864: $? = 0
configure:6864: result: yes
configure:6864: checking for unistd.h
configure:6864: gcc -c -g -O2  conftest.c >&5
configure:6864: $? = 0
configure:6864: result: yes
configure:6878: checking for dlfcn.h
configure:6878: gcc -c -g -O2  conftest.c >&5
configure:6878: $? = 0
configure:6878: result: yes
configure:7065: checking for objdir
configure:7080: result: .libs
configure:7347: checking if gcc supports -fno-rtti -fno-exceptions
configure:7365: gcc -c -g -O2  -fno-rtti -fno-exceptions conftest.c >&5
cc1: warning: command line option '-fno-rtti' is valid for C++/ObjC++ but not for C [enabled by default]
configure:7369: $? = 0
configure:7382: result: no
configure:7402: checking for gcc option to produce PIC
configure:7687: result: -fPIC -DPIC
configure:7699: checking if gcc PIC flag -fPIC -DPIC works
configure:7717: gcc -c -g -O2  -fPIC -DPIC -DPIC conftest.c >&5
configure:7721: $? = 0
configure:7734: result: yes
configure:7758: checking if gcc static flag -static works
configure:7786: result: yes
configure:7801: checking if gcc supports -c -o file.o
configure:7822: gcc -c -g -O2  -o out/conftest2.o conftest.c >&5
configure:7826: $? = 0
configure:7848: result: yes
configure:7856: checking if gcc supports -c -o file.o
configure:7903: result: yes
configure:7936: checking whether the gcc linker (/usr/bin/ld -m elf_x86_64) supports shared libraries
configure:9011: result: yes
configure:9048: checking whether -lc should be explicitly linked in
configure:9056: gcc -c -g -O2  conftest.c >&5
configure:9059: $? = 0
configure:9074: gcc -shared conftest.o  -v -Wl,-soname -Wl,conftest -o conftest 2\>\&1 \| /bin/grep  -lc  \>/dev/null 2\>\&1
configure:9077: $? = 0
configure:9091: result: no
configure:9256: checking dynamic linker characteristics
configure:9711: gcc -o conftest -g -O2   -Wl,-rpath -Wl,/foo conftest.c  >&5
configure:9711: $? = 0
configure:9937: result: GNU/Linux ld.so
configure:10044: checking how to hardcode library paths into programs
configure:10069: result: immediate
configure:10609: checking whether stripping libraries is possible
configure:10614: result: yes
configure:10649: checking if libtool supports shared libraries
configure:10651: result: yes
configure:10654: checking whether to build shared libraries
configure:10675: result: yes
configure:10678: checking whether to build static libraries
configure:10682: result: yes
configure:10775: checking for g++
configure:10791: found /usr/bin/g++
configure:10802: result: g++
configure:10829: checking for C++ compiler version
configure:10838: g++ --version >&5
g++ (Debian 4.6.1-4) 4.6.1
Copyright (C) 2011 Free Software Foundation, Inc.
This is free software; see the source for copying conditions.  There is NO
warranty; not even for MERCHANTABILITY or FITNESS FOR A PARTICULAR PURPOSE.

configure:10849: $? = 0
configure:10838: g++ -v >&5
Using built-in specs.
COLLECT_GCC=g++
COLLECT_LTO_WRAPPER=/usr/lib/x86_64-linux-gnu/gcc/x86_64-linux-gnu/4.6.1/lto-wrapper
Target: x86_64-linux-gnu
Configured with: ../src/configure -v --with-pkgversion='Debian 4.6.1-4' --with-bugurl=file:///usr/share/doc/gcc-4.6/README.Bugs --enable-languages=c,c++,fortran,objc,obj-c++,go --prefix=/usr --program-suffix=-4.6 --enable-shared --enable-multiarch --with-multiarch-defaults=x86_64-linux-gnu --enable-linker-build-id --with-system-zlib --libexecdir=/usr/lib/x86_64-linux-gnu --without-included-gettext --enable-threads=posix --with-gxx-include-dir=/usr/include/c++/4.6 --libdir=/usr/lib/x86_64-linux-gnu --enable-nls --enable-clocale=gnu --enable-libstdcxx-debug --enable-libstdcxx-time=yes --enable-plugin --enable-objc-gc --with-arch-32=i586 --with-tune=generic --enable-checking=release --build=x86_64-linux-gnu --host=x86_64-linux-gnu --target=x86_64-linux-gnu
Thread model: posix
gcc version 4.6.1 (Debian 4.6.1-4) 
configure:10849: $? = 0
configure:10838: g++ -V >&5
g++: error: unrecognized option '-V'
g++: fatal error: no input files
compilation terminated.
configure:10849: $? = 1
configure:10838: g++ -qversion >&5
g++: error: unrecognized option '-qversion'
g++: fatal error: no input files
compilation terminated.
configure:10849: $? = 1
configure:10853: checking whether we are using the GNU C++ compiler
configure:10872: g++ -c   conftest.cpp >&5
configure:10872: $? = 0
configure:10881: result: yes
configure:10890: checking whether g++ accepts -g
configure:10910: g++ -c -g  conftest.cpp >&5
configure:10910: $? = 0
configure:10951: result: yes
configure:10976: checking dependency style of g++
configure:11086: result: gcc3
configure:11109: checking how to run the C++ preprocessor
configure:11136: g++ -E  conftest.cpp
configure:11136: $? = 0
configure:11150: g++ -E  conftest.cpp
conftest.cpp:23:28: fatal error: ac_nonexistent.h: No such file or directory
compilation terminated.
configure:11150: $? = 1
configure: failed program was:
| /* confdefs.h */
| #define PACKAGE_NAME "libftdi"
| #define PACKAGE_TARNAME "libftdi"
| #define PACKAGE_VERSION "0.19"
| #define PACKAGE_STRING "libftdi 0.19"
| #define PACKAGE_BUGREPORT ""
| #define PACKAGE_URL ""
| #define PACKAGE "libftdi"
| #define VERSION "0.19"
| #define STDC_HEADERS 1
| #define HAVE_SYS_TYPES_H 1
| #define HAVE_SYS_STAT_H 1
| #define HAVE_STDLIB_H 1
| #define HAVE_STRING_H 1
| #define HAVE_MEMORY_H 1
| #define HAVE_STRINGS_H 1
| #define HAVE_INTTYPES_H 1
| #define HAVE_STDINT_H 1
| #define HAVE_UNISTD_H 1
| #define HAVE_DLFCN_H 1
| #define LT_OBJDIR ".libs/"
| /* end confdefs.h.  */
| #include <ac_nonexistent.h>
configure:11175: result: g++ -E
configure:11195: g++ -E  conftest.cpp
configure:11195: $? = 0
configure:11209: g++ -E  conftest.cpp
conftest.cpp:23:28: fatal error: ac_nonexistent.h: No such file or directory
compilation terminated.
configure:11209: $? = 1
configure: failed program was:
| /* confdefs.h */
| #define PACKAGE_NAME "libftdi"
| #define PACKAGE_TARNAME "libftdi"
| #define PACKAGE_VERSION "0.19"
| #define PACKAGE_STRING "libftdi 0.19"
| #define PACKAGE_BUGREPORT ""
| #define PACKAGE_URL ""
| #define PACKAGE "libftdi"
| #define VERSION "0.19"
| #define STDC_HEADERS 1
| #define HAVE_SYS_TYPES_H 1
| #define HAVE_SYS_STAT_H 1
| #define HAVE_STDLIB_H 1
| #define HAVE_STRING_H 1
| #define HAVE_MEMORY_H 1
| #define HAVE_STRINGS_H 1
| #define HAVE_INTTYPES_H 1
| #define HAVE_STDINT_H 1
| #define HAVE_UNISTD_H 1
| #define HAVE_DLFCN_H 1
| #define LT_OBJDIR ".libs/"
| /* end confdefs.h.  */
| #include <ac_nonexistent.h>
configure:11377: checking for ld used by g++
configure:11444: result: /usr/bin/ld -m elf_x86_64
configure:11451: checking if the linker (/usr/bin/ld -m elf_x86_64) is GNU ld
configure:11466: result: yes
configure:11521: checking whether the g++ linker (/usr/bin/ld -m elf_x86_64) supports shared libraries
configure:12453: result: yes
configure:12481: g++ -c -g -O2  conftest.cpp >&5
configure:12484: $? = 0
configure:12666: checking for g++ option to produce PIC
configure:12988: result: -fPIC -DPIC
configure:12997: checking if g++ PIC flag -fPIC -DPIC works
configure:13015: g++ -c -g -O2  -fPIC -DPIC -DPIC conftest.cpp >&5
configure:13019: $? = 0
configure:13032: result: yes
configure:13053: checking if g++ static flag -static works
configure:13081: result: yes
configure:13093: checking if g++ supports -c -o file.o
configure:13114: g++ -c -g -O2  -o out/conftest2.o conftest.cpp >&5
configure:13118: $? = 0
configure:13140: result: yes
configure:13145: checking if g++ supports -c -o file.o
configure:13192: result: yes
configure:13222: checking whether the g++ linker (/usr/bin/ld -m elf_x86_64) supports shared libraries
configure:13250: result: yes
configure:13393: checking dynamic linker characteristics
configure:14008: result: GNU/Linux ld.so
configure:14061: checking how to hardcode library paths into programs
configure:14086: result: immediate
configure:14169: checking for libusb-config
configure:14185: found /usr/bin/libusb-config
configure:14196: result: libusb-config
configure:14229: checking if libusb version is >= 0.1.7
configure:14239: result: yes
configure:14330: checking for boostlib >= 1.33
configure:14384: g++ -c -g -O2   conftest.cpp >&5
conftest.cpp:24:30: fatal error: boost/version.hpp: No such file or directory
compilation terminated.
configure:14384: $? = 1
configure: failed program was:
| /* confdefs.h */
| #define PACKAGE_NAME "libftdi"
| #define PACKAGE_TARNAME "libftdi"
| #define PACKAGE_VERSION "0.19"
| #define PACKAGE_STRING "libftdi 0.19"
| #define PACKAGE_BUGREPORT ""
| #define PACKAGE_URL ""
| #define PACKAGE "libftdi"
| #define VERSION "0.19"
| #define STDC_HEADERS 1
| #define HAVE_SYS_TYPES_H 1
| #define HAVE_SYS_STAT_H 1
| #define HAVE_STDLIB_H 1
| #define HAVE_STRING_H 1
| #define HAVE_MEMORY_H 1
| #define HAVE_STRINGS_H 1
| #define HAVE_INTTYPES_H 1
| #define HAVE_STDINT_H 1
| #define HAVE_UNISTD_H 1
| #define HAVE_DLFCN_H 1
| #define LT_OBJDIR ".libs/"
| /* end confdefs.h.  */
| 
| 	#include <boost/version.hpp>
| 
| int
| main ()
| {
| 
| 	#if BOOST_VERSION >= 103300
| 	// Everything is okay
| 	#else
| 	#  error Boost version is too old
| 	#endif
| 
|   ;
|   return 0;
| }
configure:14486: g++ -c -g -O2   -I/include/boost-0 conftest.cpp >&5
conftest.cpp:24:31: fatal error: boost/version.hpp: No such file or directory
compilation terminated.
configure:14486: $? = 1
configure: failed program was:
| /* confdefs.h */
| #define PACKAGE_NAME "libftdi"
| #define PACKAGE_TARNAME "libftdi"
| #define PACKAGE_VERSION "0.19"
| #define PACKAGE_STRING "libftdi 0.19"
| #define PACKAGE_BUGREPORT ""
| #define PACKAGE_URL ""
| #define PACKAGE "libftdi"
| #define VERSION "0.19"
| #define STDC_HEADERS 1
| #define HAVE_SYS_TYPES_H 1
| #define HAVE_SYS_STAT_H 1
| #define HAVE_STDLIB_H 1
| #define HAVE_STRING_H 1
| #define HAVE_MEMORY_H 1
| #define HAVE_STRINGS_H 1
| #define HAVE_INTTYPES_H 1
| #define HAVE_STDINT_H 1
| #define HAVE_UNISTD_H 1
| #define HAVE_DLFCN_H 1
| #define LT_OBJDIR ".libs/"
| /* end confdefs.h.  */
| 
| 		#include <boost/version.hpp>
| 
| int
| main ()
| {
| 
| 		#if BOOST_VERSION >= 103300
| 		// Everything is okay
| 		#else
| 		#  error Boost version is too old
| 		#endif
| 
|   ;
|   return 0;
| }
configure:14505: We could not detect the boost libraries (version 1.33 or higher). If you have a staged boost library (still not installed) please specify $BOOST_ROOT in your environment and do not give a PATH to --with-boost option.  If you are sure you have boost installed, then check your version number looking in <boost/version.hpp>. See http://randspringer.de/boost for more documentation.
configure:14527: checking if we can build the C++ wrapper
configure:14553: result: no
configure:14574: checking for doxygen
configure:14607: result: no
configure:14627: checking for swig
configure:14645: found /usr/bin/swig
configure:14657: result: /usr/bin/swig
configure:14705: checking for a Python interpreter with version >= 2.0
configure:14722: python -c import sys # split strings by '.' and convert to numeric. Append some zeros # because we need at least 4 digits for the hex conversion. # map returns an iterator in Python 3.0 and a list in 2.x minver = list(map(int, '2.0'.split('.'))) + [0, 0, 0] minverhex = 0 # xrange is not present in Python 3.0 and range returns an iterator for i in list(range(0, 4)): minverhex = (minverhex << 8) + minver[i] sys.exit(sys.hexversion < minverhex)
configure:14725: $? = 0
configure:14731: result: python
configure:14739: checking for python
configure:14757: found /usr/bin/python
configure:14769: result: /usr/bin/python
configure:14790: checking for python version
configure:14797: result: 2.7
configure:14809: checking for python platform
configure:14816: result: linux2
configure:14823: checking for python script directory
configure:14852: result: ${prefix}/lib/python2.7/dist-packages
configure:14861: checking for python extension module directory
configure:14890: result: ${exec_prefix}/lib/python2.7/dist-packages
configure:14909: checking /usr/include/python2.7/Python.h usability
configure:14909: gcc -c -g -O2   conftest.c >&5
In file included from /usr/include/python2.7/Python.h:8:0,
                 from conftest.c:56:
/usr/include/python2.7/pyconfig.h:1158:0: warning: "_POSIX_C_SOURCE" redefined [enabled by default]
/usr/include/features.h:214:0: note: this is the location of the previous definition
configure:14909: $? = 0
configure:14909: result: yes
configure:14909: checking /usr/include/python2.7/Python.h presence
configure:14909: gcc -E  conftest.c
configure:14909: $? = 0
configure:14909: result: yes
configure:14909: checking for /usr/include/python2.7/Python.h
configure:14909: result: yes
configure:14965: Python binding for libftdi will be built.
configure:15132: creating ./config.status

## ---------------------- ##
## Running config.status. ##
## ---------------------- ##

This file was extended by libftdi config.status 0.19, which was
generated by GNU Autoconf 2.66.  Invocation command line was

  CONFIG_FILES    = 
  CONFIG_HEADERS  = 
  CONFIG_LINKS    = 
  CONFIG_COMMANDS = 
  $ ./config.status 

on c3po

config.status:1171: creating libftdi-config
config.status:1171: creating Makefile
config.status:1171: creating src/Makefile
config.status:1171: creating bindings/Makefile
config.status:1171: creating bindings/python/Makefile
config.status:1171: creating bindings/python/setup.py
config.status:1171: creating examples/Makefile
config.status:1171: creating doc/Doxyfile
config.status:1171: creating doc/Makefile
config.status:1171: creating libftdi.pc
config.status:1171: creating libftdi.spec
config.status:1171: creating config.h
config.status:1351: config.h is unchanged
config.status:1399: executing depfiles commands
config.status:1399: executing libtool commands

## ---------------- ##
## Cache variables. ##
## ---------------- ##

ac_cv_build=x86_64-unknown-linux-gnu
ac_cv_c_compiler_gnu=yes
ac_cv_cxx_compiler_gnu=yes
ac_cv_env_CCC_set=
ac_cv_env_CCC_value=
ac_cv_env_CC_set=
ac_cv_env_CC_value=
ac_cv_env_CFLAGS_set=
ac_cv_env_CFLAGS_value=
ac_cv_env_CPPFLAGS_set=
ac_cv_env_CPPFLAGS_value=
ac_cv_env_CPP_set=
ac_cv_env_CPP_value=
ac_cv_env_CXXCPP_set=
ac_cv_env_CXXCPP_value=
ac_cv_env_CXXFLAGS_set=
ac_cv_env_CXXFLAGS_value=
ac_cv_env_CXX_set=
ac_cv_env_CXX_value=
ac_cv_env_LDFLAGS_set=
ac_cv_env_LDFLAGS_value=
ac_cv_env_LIBS_set=
ac_cv_env_LIBS_value=
ac_cv_env_build_alias_set=
ac_cv_env_build_alias_value=
ac_cv_env_host_alias_set=
ac_cv_env_host_alias_value=
ac_cv_env_target_alias_set=
ac_cv_env_target_alias_value=
ac_cv_header__usr_include_python2_7_Python_h=yes
ac_cv_header_dlfcn_h=yes
ac_cv_header_inttypes_h=yes
ac_cv_header_memory_h=yes
ac_cv_header_stdc=yes
ac_cv_header_stdint_h=yes
ac_cv_header_stdlib_h=yes
ac_cv_header_string_h=yes
ac_cv_header_strings_h=yes
ac_cv_header_sys_stat_h=yes
ac_cv_header_sys_types_h=yes
ac_cv_header_unistd_h=yes
ac_cv_host=x86_64-unknown-linux-gnu
ac_cv_objext=o
ac_cv_path_EGREP='/bin/grep -E'
ac_cv_path_FGREP='/bin/grep -F'
ac_cv_path_GREP=/bin/grep
ac_cv_path_PYTHON=/usr/bin/python
ac_cv_path_SED=/bin/sed
ac_cv_path_SWIG=/usr/bin/swig
ac_cv_path_install='/usr/bin/install -c'
ac_cv_path_mkdir=/bin/mkdir
ac_cv_prog_AWK=mawk
ac_cv_prog_CPP='gcc -E'
ac_cv_prog_CXXCPP='g++ -E'
ac_cv_prog_ac_ct_AR=ar
ac_cv_prog_ac_ct_CC=gcc
ac_cv_prog_ac_ct_CXX=g++
ac_cv_prog_ac_ct_HAVELIBUSB=libusb-config
ac_cv_prog_ac_ct_OBJDUMP=objdump
ac_cv_prog_ac_ct_RANLIB=ranlib
ac_cv_prog_ac_ct_STRIP=strip
ac_cv_prog_cc_c89=
ac_cv_prog_cc_g=yes
ac_cv_prog_cxx_g=yes
ac_cv_prog_make_make_set=yes
am_cv_CC_dependencies_compiler_type=gcc3
am_cv_CXX_dependencies_compiler_type=gcc3
am_cv_pathless_PYTHON=python
am_cv_python_platform=linux2
am_cv_python_pyexecdir='${exec_prefix}/lib/python2.7/dist-packages'
am_cv_python_pythondir='${prefix}/lib/python2.7/dist-packages'
am_cv_python_version=2.7
lt_cv_archive_cmds_need_lc=no
lt_cv_deplibs_check_method=pass_all
lt_cv_file_magic_cmd='$MAGIC_CMD'
lt_cv_file_magic_test_file=
lt_cv_ld_reload_flag=-r
lt_cv_nm_interface='BSD nm'
lt_cv_objdir=.libs
lt_cv_path_LD=/usr/bin/ld
lt_cv_path_LDCXX='/usr/bin/ld -m elf_x86_64'
lt_cv_path_NM='/usr/bin/nm -B'
lt_cv_prog_compiler_c_o=yes
lt_cv_prog_compiler_c_o_CXX=yes
lt_cv_prog_compiler_pic_works=yes
lt_cv_prog_compiler_pic_works_CXX=yes
lt_cv_prog_compiler_rtti_exceptions=no
lt_cv_prog_compiler_static_works=yes
lt_cv_prog_compiler_static_works_CXX=yes
lt_cv_prog_gnu_ld=yes
lt_cv_prog_gnu_ldcxx=yes
lt_cv_shlibpath_overrides_runpath=no
lt_cv_sys_global_symbol_pipe='sed -n -e '\''s/^.*[	 ]\([ABCDGIRSTW][ABCDGIRSTW]*\)[	 ][	 ]*\([_A-Za-z][_A-Za-z0-9]*\)$/\1 \2 \2/p'\'''
lt_cv_sys_global_symbol_to_c_name_address='sed -n -e '\''s/^: \([^ ]*\) $/  {\"\1\", (void *) 0},/p'\'' -e '\''s/^[ABCDGIRSTW]* \([^ ]*\) \([^ ]*\)$/  {"\2", (void *) \&\2},/p'\'''
lt_cv_sys_global_symbol_to_c_name_address_lib_prefix='sed -n -e '\''s/^: \([^ ]*\) $/  {\"\1\", (void *) 0},/p'\'' -e '\''s/^[ABCDGIRSTW]* \([^ ]*\) \(lib[^ ]*\)$/  {"\2", (void *) \&\2},/p'\'' -e '\''s/^[ABCDGIRSTW]* \([^ ]*\) \([^ ]*\)$/  {"lib\2", (void *) \&\2},/p'\'''
lt_cv_sys_global_symbol_to_cdecl='sed -n -e '\''s/^T .* \(.*\)$/extern int \1();/p'\'' -e '\''s/^[ABCDGIRSTW]* .* \(.*\)$/extern char \1;/p'\'''
lt_cv_sys_max_cmd_len=1572864

## ----------------- ##
## Output variables. ##
## ----------------- ##

ACLOCAL='${SHELL} /home/alec/svnROACH2/sw/libftdi-0.19-hack/libftdi-0.19/missing --run aclocal-1.11'
AMDEPBACKSLASH='\'
AMDEP_FALSE='#'
AMDEP_TRUE=''
AMTAR='${SHELL} /home/alec/svnROACH2/sw/libftdi-0.19-hack/libftdi-0.19/missing --run tar'
AR='ar'
AUTOCONF='${SHELL} /home/alec/svnROACH2/sw/libftdi-0.19-hack/libftdi-0.19/missing --run autoconf'
AUTOHEADER='${SHELL} /home/alec/svnROACH2/sw/libftdi-0.19-hack/libftdi-0.19/missing --run autoheader'
AUTOMAKE='${SHELL} /home/alec/svnROACH2/sw/libftdi-0.19-hack/libftdi-0.19/missing --run automake-1.11'
AWK='mawk'
BOOST_CPPFLAGS='-I/include/boost-0'
BOOST_LDFLAGS='-L/lib'
BUILD_EXAMPLES_FALSE='#'
BUILD_EXAMPLES_TRUE=''
CC='gcc'
CCDEPMODE='depmode=gcc3'
CFLAGS='-g -O2 '
CPP='gcc -E'
CPPFLAGS=''
CXX='g++'
CXXCPP='g++ -E'
CXXDEPMODE='depmode=gcc3'
CXXFLAGS='-g -O2'
CYGPATH_W='echo'
DEFS='-DHAVE_CONFIG_H'
DEPDIR='.deps'
DOXYGEN=''
DSYMUTIL=''
DUMPBIN=''
ECHO_C=''
ECHO_N='-n'
ECHO_T=''
EGREP='/bin/grep -E'
ENABLE_ASYNC_MODE='0'
ENABLE_PYTHON_BINDING_FALSE='#'
ENABLE_PYTHON_BINDING_TRUE=''
EXEEXT=''
FGREP='/bin/grep -F'
GREP='/bin/grep'
HAVELIBUSB='libusb-config'
HAVE_DOXYGEN_FALSE='#'
HAVE_DOXYGEN_TRUE=''
HAVE_LIBFTDIPP_FALSE=''
HAVE_LIBFTDIPP_TRUE='#'
HAVE_PYTHON_FALSE='#'
HAVE_PYTHON_TRUE=''
HAVE_SWIG_FALSE='#'
HAVE_SWIG_TRUE=''
INSTALL_DATA='${INSTALL} -m 644'
INSTALL_PROGRAM='${INSTALL}'
INSTALL_SCRIPT='${INSTALL}'
INSTALL_STRIP_PROGRAM='$(install_sh) -c -s'
LD='/usr/bin/ld -m elf_x86_64'
LDFLAGS=''
LIBFTDI_MODULES=''
LIBFTDI_MODULES_PKGCONFIG=''
LIBOBJS=''
LIBS=' -L/usr/lib/x86_64-linux-gnu -lusb'
LIBTOOL='$(SHELL) $(top_builddir)/libtool'
LIPO=''
LN_S='ln -s'
LTLIBOBJS=''
MAKEINFO='${SHELL} /home/alec/svnROACH2/sw/libftdi-0.19-hack/libftdi-0.19/missing --run makeinfo'
MKDIR_P='/bin/mkdir -p'
NM='/usr/bin/nm -B'
NMEDIT=''
OBJDUMP='objdump'
OBJEXT='o'
OTOOL64=''
OTOOL=''
PACKAGE='libftdi'
PACKAGE_BUGREPORT=''
PACKAGE_NAME='libftdi'
PACKAGE_STRING='libftdi 0.19'
PACKAGE_TARNAME='libftdi'
PACKAGE_URL=''
PACKAGE_VERSION='0.19'
PATH_SEPARATOR=':'
PYTHON='/usr/bin/python'
PYTHON_EXEC_PREFIX='${exec_prefix}'
PYTHON_PLATFORM='linux2'
PYTHON_PREFIX='${prefix}'
PYTHON_VERSION='2.7'
RANLIB='ranlib'
SED='/bin/sed'
SET_MAKE=''
SHELL='/bin/bash'
STRIP='strip'
SWIG='/usr/bin/swig'
VERSION='0.19'
ac_ct_CC='gcc'
ac_ct_CXX='g++'
ac_ct_DUMPBIN=''
am__EXEEXT_FALSE=''
am__EXEEXT_TRUE='#'
am__fastdepCC_FALSE='#'
am__fastdepCC_TRUE=''
am__fastdepCXX_FALSE='#'
am__fastdepCXX_TRUE=''
am__include='include'
am__isrc=''
am__leading_dot='.'
am__quote=''
am__tar='${AMTAR} chof - "$$tardir"'
am__untar='${AMTAR} xf -'
bindir='${exec_prefix}/bin'
build='x86_64-unknown-linux-gnu'
build_alias=''
build_cpu='x86_64'
build_os='linux-gnu'
build_vendor='unknown'
datadir='${datarootdir}'
datarootdir='${prefix}/share'
docdir='${datarootdir}/doc/${PACKAGE_TARNAME}'
dvidir='${docdir}'
exec_prefix='${prefix}'
host='x86_64-unknown-linux-gnu'
host_alias=''
host_cpu='x86_64'
host_os='linux-gnu'
host_vendor='unknown'
htmldir='${docdir}'
includedir='${prefix}/include'
infodir='${datarootdir}/info'
install_sh='${SHELL} /home/alec/svnROACH2/sw/libftdi-0.19-hack/libftdi-0.19/install-sh'
libdir='${exec_prefix}/lib'
libexecdir='${exec_prefix}/libexec'
localedir='${datarootdir}/locale'
localstatedir='${prefix}/var'
mandir='${datarootdir}/man'
mkdir_p='/bin/mkdir -p'
oldincludedir='/usr/include'
pdfdir='${docdir}'
pkgpyexecdir='${pyexecdir}/libftdi'
pkgpythondir='${pythondir}/libftdi'
prefix='/usr/local'
program_transform_name='s,x,x,'
psdir='${docdir}'
pyexecdir='${exec_prefix}/lib/python2.7/dist-packages'
pythondir='${prefix}/lib/python2.7/dist-packages'
sbindir='${exec_prefix}/sbin'
sharedstatedir='${prefix}/com'
sysconfdir='${prefix}/etc'
target_alias=''

## ----------- ##
## confdefs.h. ##
## ----------- ##

/* confdefs.h */
#define PACKAGE_NAME "libftdi"
#define PACKAGE_TARNAME "libftdi"
#define PACKAGE_VERSION "0.19"
#define PACKAGE_STRING "libftdi 0.19"
#define PACKAGE_BUGREPORT ""
#define PACKAGE_URL ""
#define PACKAGE "libftdi"
#define VERSION "0.19"
#define STDC_HEADERS 1
#define HAVE_SYS_TYPES_H 1
#define HAVE_SYS_STAT_H 1
#define HAVE_STDLIB_H 1
#define HAVE_STRING_H 1
#define HAVE_MEMORY_H 1
#define HAVE_STRINGS_H 1
#define HAVE_INTTYPES_H 1
#define HAVE_STDINT_H 1
#define HAVE_UNISTD_H 1
#define HAVE_DLFCN_H 1
#define LT_OBJDIR ".libs/"
#define HAVE__USR_INCLUDE_PYTHON2_7_PYTHON_H 1

configure: exit 0
